<?xml version="1.0" encoding="UTF-8"?>
<testng-results ignored="0" total="3" passed="3" failed="0" skipped="0">
  <reporter-output>
  </reporter-output>
  <suite started-at="2024-10-16T09:16:36 IST" name="Default suite" finished-at="2024-10-16T09:17:37 IST" duration-ms="60864">
    <groups>
    </groups>
    <test started-at="2024-10-16T09:16:36 IST" name="Default test" finished-at="2024-10-16T09:17:37 IST" duration-ms="60864">
      <class name="testNG.NewTest">
        <test-method is-config="true" signature="browserInitiation()[pri:0, instance:testNG.NewTest@609e8838]" started-at="2024-10-16T09:16:36 IST" name="browserInitiation" finished-at="2024-10-16T09:17:36 IST" duration-ms="60159" status="PASS">
          <reporter-output>
          </reporter-output>
        </test-method> <!-- browserInitiation -->
        <test-method signature="windowSettings()[pri:0, instance:testNG.NewTest@609e8838]" started-at="2024-10-16T09:17:36 IST" name="windowSettings" finished-at="2024-10-16T09:17:36 IST" duration-ms="56" status="PASS">
          <reporter-output>
          </reporter-output>
        </test-method> <!-- windowSettings -->
        <test-method signature="asserionExample()[pri:2, instance:testNG.NewTest@609e8838]" started-at="2024-10-16T09:17:36 IST" name="asserionExample" finished-at="2024-10-16T09:17:36 IST" duration-ms="72" status="PASS">
          <reporter-output>
          </reporter-output>
        </test-method> <!-- asserionExample -->
        <test-method signature="asserionExample()[pri:2, instance:testNG.NewTest@609e8838]" started-at="2024-10-16T09:17:36 IST" name="asserionExample" finished-at="2024-10-16T09:17:36 IST" duration-ms="46" status="PASS">
          <reporter-output>
          </reporter-output>
        </test-method> <!-- asserionExample -->
        <test-method is-config="true" signature="closeBrowser()[pri:0, instance:testNG.NewTest@609e8838]" started-at="2024-10-16T09:17:36 IST" name="closeBrowser" finished-at="2024-10-16T09:17:37 IST" duration-ms="461" status="PASS">
          <reporter-output>
          </reporter-output>
        </test-method> <!-- closeBrowser -->
      </class> <!-- testNG.NewTest -->
    </test> <!-- Default test -->
  </suite> <!-- Default suite -->
</testng-results>
