<?xml version="1.0" encoding="UTF-8"?>
<!-- Generated by org.testng.reporters.JUnitXMLReporter -->
<testsuite ignored="0" hostname="ThiYaso" failures="0" tests="3" name="Test" time="4.886" errors="0" timestamp="2024-10-15T10:28:14 IST">
  <testcase classname="testNG.NewTest" name="windowSettings" time="0.053"/>
  <testcase classname="testNG.NewTest" name="asserionExample" time="0.051"/>
  <testcase classname="testNG.NewTest" name="asserionExample" time="0.035"/>
</testsuite> <!-- Test -->
